"uvicorn" no se reconoce como un comando interno o externo,
programa o archivo por lotes ejecutable.
INFO:     Will watch for changes in these directories: ['C:\\Users\\sgclu\\OneDrive\\Escritorio\\Proyecto WebApp Glass\\backend']
INFO:     Uvicorn running on http://0.0.0.0:8000 (Press CTRL+C to quit)
INFO:     Started reloader process [7220] using WatchFiles
INFO:     Started server process [14924]
INFO:     Waiting for application startup.
INFO:     Application startup complete.
WARNING:  WatchFiles detected changes in 'venv\Lib\site-packages\dotenv\main.py', 'venv\Lib\site-packages\dotenv\version.py', 'venv\Lib\site-packages\dotenv\ipython.py', 'venv\Lib\site-packages\dotenv\variables.py', 'venv\Lib\site-packages\dotenv\parser.py', 'venv\Lib\site-packages\dotenv\__init__.py'. Reloading...
 INFO:     Shutting down
INFO:     Waiting for application shutdown.
INFO:     Application shutdown complete.
INFO:     Finished server process [14924]
INFO:     Started server process [24316]
INFO:     Waiting for application startup.
INFO:     Application startup complete.
WARNING:  WatchFiles detected changes in 'venv\Lib\site-packages\h11\_state.py', 'venv\Lib\site-packages\h11\_version.py', 'venv\Lib\site-packages\h11\_util.py', 'venv\Lib\site-packages\dotenv\cli.py', 'venv\Lib\site-packages\h11\_writers.py', 'venv\Lib\site-packages\h11\_receivebuffer.py', 'venv\Lib\site-packages\h11\__init__.py'. Reloading...
 INFO:     192.168.0.122:60005 - "GET /clientes HTTP/1.1" 307 Temporary Redirect
INFO:     192.168.0.122:60005 - "GET /clientes HTTP/1.1" 307 Temporary Redirect
INFO:     192.168.0.122:60006 - "GET /clientes/ HTTP/1.1" 200 OK
INFO:     192.168.0.122:60005 - "GET /clientes/ HTTP/1.1" 200 OK
INFO:     Shutting down
INFO:     Waiting for application shutdown.
INFO:     Application shutdown complete.
INFO:     Finished server process [24316]
WARNING:  WatchFiles detected changes in 'venv\Lib\site-packages\httptools\_version.py', 'venv\Lib\site-packages\httptools\__init__.py', 'venv\Lib\site-packages\h11\_abnf.py', 'venv\Lib\site-packages\idna\uts46data.py', 'venv\Lib\site-packages\idna\__init__.py', 'venv\Lib\site-packages\idna\core.py', 'venv\Lib\site-packages\idna\idnadata.py', 'venv\Lib\site-packages\h11\_readers.py', 'venv\Lib\site-packages\h11\_connection.py', 'venv\Lib\site-packages\h11\_headers.py', 'venv\Lib\site-packages\idna\intranges.py', 'venv\Lib\site-packages\h11\_events.py', 'venv\Lib\site-packages\idna\package_data.py'. Reloading...
 INFO:     Started server process [3136]
INFO:     Waiting for application startup.
INFO:     Application startup complete.
ERROR:    Traceback (most recent call last):
  File "C:\Program Files\Python313\Lib\asyncio\runners.py", line 118, in run
    return self._loop.run_until_complete(task)
           ~~~~~~~~~~~~~~~~~~~~~~~~~~~~~^^^^^^
  File "C:\Program Files\Python313\Lib\asyncio\base_events.py", line 725, in run_until_complete
    return future.result()
           ~~~~~~~~~~~~~^^
asyncio.exceptions.CancelledError

During handling of the above exception, another exception occurred:

Traceback (most recent call last):
  File "C:\Program Files\Python313\Lib\asyncio\runners.py", line 195, in run
    return runner.run(main)
           ~~~~~~~~~~^^^^^^
  File "C:\Program Files\Python313\Lib\asyncio\runners.py", line 123, in run
    raise KeyboardInterrupt()
KeyboardInterrupt

During handling of the above exception, another exception occurred:

Traceback (most recent call last):
  File "C:\Users\sgclu\OneDrive\Escritorio\Proyecto WebApp Glass\backend\venv\Lib\site-packages\starlette\routing.py", line 699, in lifespan
    await receive()
  File "C:\Users\sgclu\OneDrive\Escritorio\Proyecto WebApp Glass\backend\venv\Lib\site-packages\uvicorn\lifespan\on.py", line 137, in receive
    return await self.receive_queue.get()
           ^^^^^^^^^^^^^^^^^^^^^^^^^^^^^^
  File "C:\Program Files\Python313\Lib\asyncio\queues.py", line 186, in get
    await getter
asyncio.exceptions.CancelledError

WARNING:  WatchFiles detected changes in 'venv\Lib\site-packages\idna\compat.py'. Reloading...
 INFO:     Started server process [17548]
INFO:     Waiting for application startup.
INFO:     Application startup complete.
ERROR:    Traceback (most recent call last):
  File "C:\Program Files\Python313\Lib\asyncio\runners.py", line 118, in run
    return self._loop.run_until_complete(task)
           ~~~~~~~~~~~~~~~~~~~~~~~~~~~~~^^^^^^
  File "C:\Program Files\Python313\Lib\asyncio\base_events.py", line 725, in run_until_complete
    return future.result()
           ~~~~~~~~~~~~~^^
asyncio.exceptions.CancelledError

During handling of the above exception, another exception occurred:

Traceback (most recent call last):
  File "C:\Program Files\Python313\Lib\asyncio\runners.py", line 195, in run
    return runner.run(main)
           ~~~~~~~~~~^^^^^^
  File "C:\Program Files\Python313\Lib\asyncio\runners.py", line 123, in run
    raise KeyboardInterrupt()
KeyboardInterrupt

During handling of the above exception, another exception occurred:

Traceback (most recent call last):
  File "C:\Users\sgclu\OneDrive\Escritorio\Proyecto WebApp Glass\backend\venv\Lib\site-packages\starlette\routing.py", line 699, in lifespan
    await receive()
  File "C:\Users\sgclu\OneDrive\Escritorio\Proyecto WebApp Glass\backend\venv\Lib\site-packages\uvicorn\lifespan\on.py", line 137, in receive
    return await self.receive_queue.get()
           ^^^^^^^^^^^^^^^^^^^^^^^^^^^^^^
  File "C:\Program Files\Python313\Lib\asyncio\queues.py", line 186, in get
    await getter
asyncio.exceptions.CancelledError

WARNING:  WatchFiles detected changes in 'venv\Lib\site-packages\idna\codec.py'. Reloading...
 INFO:     Started server process [20436]
INFO:     Waiting for application startup.
INFO:     Application startup complete.
ERROR:    Traceback (most recent call last):
  File "C:\Program Files\Python313\Lib\asyncio\runners.py", line 118, in run
    return self._loop.run_until_complete(task)
           ~~~~~~~~~~~~~~~~~~~~~~~~~~~~~^^^^^^
  File "C:\Program Files\Python313\Lib\asyncio\base_events.py", line 725, in run_until_complete
    return future.result()
           ~~~~~~~~~~~~~^^
asyncio.exceptions.CancelledError

During handling of the above exception, another exception occurred:

Traceback (most recent call last):
  File "C:\Program Files\Python313\Lib\asyncio\runners.py", line 195, in run
    return runner.run(main)
           ~~~~~~~~~~^^^^^^
  File "C:\Program Files\Python313\Lib\asyncio\runners.py", line 123, in run
    raise KeyboardInterrupt()
KeyboardInterrupt

During handling of the above exception, another exception occurred:

Traceback (most recent call last):
  File "C:\Users\sgclu\OneDrive\Escritorio\Proyecto WebApp Glass\backend\venv\Lib\site-packages\starlette\routing.py", line 699, in lifespan
    await receive()
  File "C:\Users\sgclu\OneDrive\Escritorio\Proyecto WebApp Glass\backend\venv\Lib\site-packages\uvicorn\lifespan\on.py", line 137, in receive
    return await self.receive_queue.get()
           ^^^^^^^^^^^^^^^^^^^^^^^^^^^^^^
  File "C:\Program Files\Python313\Lib\asyncio\queues.py", line 186, in get
    await getter
asyncio.exceptions.CancelledError

INFO:     Started server process [13296]
INFO:     Waiting for application startup.
INFO:     Application startup complete.
INFO:     192.168.0.122:60015 - "GET /clientes HTTP/1.1" 307 Temporary Redirect
INFO:     192.168.0.122:60015 - "GET /clientes HTTP/1.1" 307 Temporary Redirect
INFO:     192.168.0.122:60016 - "GET /clientes/ HTTP/1.1" 200 OK
INFO:     192.168.0.122:60015 - "GET /clientes/ HTTP/1.1" 200 OK
WARNING:  WatchFiles detected changes in 'venv\Lib\site-packages\sniffio\_version.py', 'venv\Lib\site-packages\sniffio\_impl.py', 'venv\Lib\site-packages\sniffio\__init__.py'. Reloading...
 INFO:     192.168.0.122:60017 - "GET /clientes HTTP/1.1" 307 Temporary Redirect
INFO:     192.168.0.122:60017 - "GET /clientes HTTP/1.1" 307 Temporary Redirect
INFO:     192.168.0.122:60017 - "GET /clientes/ HTTP/1.1" 200 OK
INFO:     192.168.0.122:60018 - "GET /clientes/ HTTP/1.1" 200 OK
INFO:     127.0.0.1:60019 - "GET /docs HTTP/1.1" 200 OK
C:\Users\sgclu\OneDrive\Escritorio\Proyecto WebApp Glass\backend\venv\Lib\site-packages\fastapi\openapi\utils.py:246: UserWarning: Duplicate Operation ID crear_pedido_pedidos__post for function crear_pedido at C:\Users\sgclu\OneDrive\Escritorio\Proyecto WebApp Glass\backend\app\routers\pedidos.py
  warnings.warn(message, stacklevel=1)
C:\Users\sgclu\OneDrive\Escritorio\Proyecto WebApp Glass\backend\venv\Lib\site-packages\fastapi\openapi\utils.py:246: UserWarning: Duplicate Operation ID obtener_pedido_pedidos__pedido_id__get for function obtener_pedido at C:\Users\sgclu\OneDrive\Escritorio\Proyecto WebApp Glass\backend\app\routers\pedidos.py
  warnings.warn(message, stacklevel=1)
C:\Users\sgclu\OneDrive\Escritorio\Proyecto WebApp Glass\backend\venv\Lib\site-packages\fastapi\openapi\utils.py:246: UserWarning: Duplicate Operation ID listar_pedidos_pedidos__get for function listar_pedidos at C:\Users\sgclu\OneDrive\Escritorio\Proyecto WebApp Glass\backend\app\routers\pedidos.py
  warnings.warn(message, stacklevel=1)
INFO:     127.0.0.1:60019 - "GET /openapi.json HTTP/1.1" 200 OK
INFO:     192.168.0.122:60026 - "GET /docs HTTP/1.1" 200 OK
INFO:     192.168.0.122:60026 - "GET /openapi.json HTTP/1.1" 200 OK
INFO:     192.168.0.122:60027 - "GET /stock/ HTTP/1.1" 200 OK
INFO:     192.168.0.122:60039 - "GET /articulos/ HTTP/1.1" 200 OK
INFO:     Shutting down
INFO:     Waiting for application shutdown.
INFO:     Application shutdown complete.
INFO:     Finished server process [13296]
WARNING:  WatchFiles detected changes in 'venv\Lib\site-packages\starlette\datastructures.py', 'venv\Lib\site-packages\fastapi\responses.py', 'venv\Lib\site-packages\pydantic\_internal\_schema_gather.py', 'venv\Lib\site-packages\pydantic\datetime_parse.py', 'venv\Lib\site-packages\pydantic\deprecated\class_validators.py', 'venv\Lib\site-packages\uvicorn\server.py', 'venv\Lib\site-packages\fastapi\dependencies\__init__.py', 'venv\Lib\site-packages\annotated_types\test_cases.py', 'venv\Lib\site-packages\starlette\testclient.py', 'venv\Lib\site-packages\sqlalchemy\log.py', 'venv\Lib\site-packages\anyio\abc\_sockets.py', 'venv\Lib\site-packages\pydantic\schema.py', 'venv\Lib\site-packages\pydantic\v1\_hypothesis_plugin.py', 'venv\Lib\site-packages\websockets\sync\messages.py', 'venv\Lib\site-packages\pydantic\plugin\_schema_validator.py', 'venv\Lib\site-packages\httptools\parser\errors.py', 'venv\Lib\site-packages\starlette\types.py', 'venv\Lib\site-packages\starlette\applications.py', 'venv\Lib\site-packages\starlette\_utils.py', 'venv\Lib\site-packages\pydantic\config.py', 'venv\Lib\site-packages\watchfiles\__main__.py', 'venv\Lib\site-packages\uvicorn\lifespan\__init__.py', 'venv\Lib\site-packages\anyio\streams\buffered.py', 'venv\Lib\site-packages\anyio\_core\_eventloop.py', 'venv\Lib\site-packages\websockets\asyncio\connection.py', 'venv\Lib\site-packages\anyio\abc\_testing.py', 'venv\Lib\site-packages\anyio\streams\memory.py', 'venv\Lib\site-packages\psycopg2\pool.py', 'venv\Lib\site-packages\sqlalchemy\schema.py', 'venv\Lib\site-packages\greenlet\__init__.py', 'venv\Lib\site-packages\uvicorn\supervisors\watchfilesreload.py', 'venv\Lib\site-packages\watchfiles\version.py', 'venv\Lib\site-packages\uvicorn\__main__.py', 'venv\Lib\site-packages\greenlet\tests\fail_switch_three_greenlets.py', 'venv\Lib\site-packages\anyio\_core\_signals.py', 'venv\Lib\site-packages\typing_extensions.py', 'venv\Lib\site-packages\anyio\_core\_subprocesses.py', 'venv\Lib\site-packages\greenlet\tests\test_contextvars.py', 'venv\Lib\site-packages\yaml\reader.py', 'venv\Lib\site-packages\pydantic\json_schema.py', 'venv\Lib\site-packages\pydantic\_internal\_config.py', 'venv\Lib\site-packages\watchfiles\filters.py', 'venv\Lib\site-packages\fastapi\security\api_key.py', 'venv\Lib\site-packages\_yaml\__init__.py', 'venv\Lib\site-packages\greenlet\tests\test_stack_saved.py', 'venv\Lib\site-packages\pydantic\errors.py', 'venv\Lib\site-packages\uvicorn\lifespan\off.py', 'venv\Lib\site-packages\fastapi\exception_handlers.py', 'venv\Lib\site-packages\yaml\emitter.py', 'venv\Lib\site-packages\yaml\nodes.py', 'venv\Lib\site-packages\yaml\scanner.py', 'venv\Lib\site-packages\websockets\asyncio\server.py', 'venv\Lib\site-packages\websockets\legacy\http.py', 'venv\Lib\site-packages\pydantic\alias_generators.py', 'venv\Lib\site-packages\pydantic\_internal\__init__.py', 'venv\Lib\site-packages\greenlet\tests\test_cpp.py', 'venv\Lib\site-packages\fastapi\utils.py', 'venv\Lib\site-packages\pydantic\functional_validators.py', 'venv\Lib\site-packages\fastapi\__main__.py', 'venv\Lib\site-packages\pydantic\class_validators.py', 'venv\Lib\site-packages\pydantic\_internal\_git.py', 'venv\Lib\site-packages\greenlet\tests\test_generator_nested.py', 'venv\Lib\site-packages\pydantic\v1\networks.py', 'venv\Lib\site-packages\anyio\_core\_asyncio_selector_thread.py', 'venv\Lib\site-packages\websockets\imports.py', 'venv\Lib\site-packages\fastapi\_compat.py', 'venv\Lib\site-packages\psycopg2\extras.py', 'venv\Lib\site-packages\pydantic\_internal\_namespace_utils.py', 'venv\Lib\site-packages\pydantic\_internal\_docs_extraction.py', 'venv\Lib\site-packages\starlette\config.py', 'venv\Lib\site-packages\pydantic\__init__.py', 'venv\Lib\site-packages\pydantic\validate_call_decorator.py', 'venv\Lib\site-packages\anyio\streams\tls.py', 'venv\Lib\site-packages\yaml\dumper.py', 'venv\Lib\site-packages\pydantic\utils.py', 'venv\Lib\site-packages\websockets\sync\client.py', 'venv\Lib\site-packages\pydantic\deprecated\copy_internals.py', 'venv\Lib\site-packages\websockets\cli.py', 'venv\Lib\site-packages\uvicorn\_subprocess.py', 'venv\Lib\site-packages\fastapi\requests.py', 'venv\Lib\site-packages\fastapi\templating.py', 'venv\Lib\site-packages\pydantic\deprecated\parse.py', 'venv\Lib\site-packages\fastapi\security\utils.py', 'venv\Lib\site-packages\uvicorn\protocols\http\httptools_impl.py', 'venv\Lib\site-packages\websockets\legacy\client.py', 'venv\Lib\site-packages\starlette\__init__.py', 'venv\Lib\site-packages\pydantic\_internal\_validate_call.py', 'venv\Lib\site-packages\pydantic\_internal\_utils.py', 'venv\Lib\site-packages\yaml\constructor.py', 'venv\Lib\site-packages\starlette\staticfiles.py', 'venv\Lib\site-packages\psycopg2\errors.py', 'venv\Lib\site-packages\websockets\legacy\server.py', 'venv\Lib\site-packages\pydantic\_internal\_typing_extra.py', 'venv\Lib\site-packages\pydantic\deprecated\tools.py', 'venv\Lib\site-packages\pydantic\dataclasses.py', 'venv\Lib\site-packages\anyio\_core\_fileio.py', 'venv\Lib\site-packages\pydantic\v1\schema.py', 'venv\Lib\site-packages\anyio\abc\_streams.py', 'venv\Lib\site-packages\pydantic\deprecated\decorator.py', 'venv\Lib\site-packages\pydantic\v1\main.py', 'venv\Lib\site-packages\starlette\endpoints.py', 'venv\Lib\site-packages\psycopg2\_ipaddress.py', 'venv\Lib\site-packages\websockets\frames.py', 'venv\Lib\site-packages\uvicorn\config.py', 'venv\Lib\site-packages\httptools\parser\__init__.py', 'venv\Lib\site-packages\pydantic\json.py', 'venv\Lib\site-packages\anyio\_core\_testing.py', 'venv\Lib\site-packages\websockets\utils.py', 'venv\Lib\site-packages\websockets\sync\server.py', 'venv\Lib\site-packages\uvicorn\protocols\http\__init__.py', 'venv\Lib\site-packages\pydantic\_internal\_import_utils.py', 'venv\Lib\site-packages\starlette\responses.py', 'venv\Lib\site-packages\colorama\tests\utils.py', 'venv\Lib\site-packages\websockets\legacy\protocol.py', 'venv\Lib\site-packages\typing_inspection\introspection.py', 'venv\Lib\site-packages\anyio\_core\_sockets.py', 'venv\Lib\site-packages\websockets\sync\utils.py', 'venv\Lib\site-packages\greenlet\tests\fail_slp_switch.py', 'venv\Lib\site-packages\uvicorn\protocols\http\auto.py', 'venv\Lib\site-packages\websockets\extensions\permessage_deflate.py', 'venv\Lib\site-packages\pydantic\_internal\_serializers.py', 'venv\Lib\site-packages\yaml\representer.py', 'venv\Lib\site-packages\yaml\__init__.py', 'venv\Lib\site-packages\pydantic\typing.py', 'venv\Lib\site-packages\fastapi\middleware\wsgi.py', 'venv\Lib\site-packages\pydantic\_internal\_generics.py', 'venv\Lib\site-packages\pydantic_core\core_schema.py', 'venv\Lib\site-packages\anyio\abc\_tasks.py', 'venv\Lib\site-packages\websockets\exceptions.py', 'venv\Lib\site-packages\fastapi\security\base.py', 'venv\Lib\site-packages\websockets\sync\connection.py', 'venv\Lib\site-packages\greenlet\tests\fail_switch_three_greenlets2.py', 'venv\Lib\site-packages\websockets\server.py', 'venv\Lib\site-packages\pydantic\experimental\arguments_schema.py', 'venv\Lib\site-packages\pydantic\type_adapter.py', 'venv\Lib\site-packages\yaml\tokens.py', 'venv\Lib\site-packages\uvicorn\loops\auto.py', 'venv\Lib\site-packages\websockets\asyncio\messages.py', 'venv\Lib\site-packages\uvicorn\importer.py', 'venv\Lib\site-packages\fastapi\logger.py', 'venv\Lib\site-packages\websockets\legacy\handshake.py', 'venv\Lib\site-packages\psycopg2\_json.py', 'venv\Lib\site-packages\websockets\sync\router.py', 'venv\Lib\site-packages\pydantic\_internal\_decorators_v1.py', 'venv\Lib\site-packages\colorama\tests\winterm_test.py', 'venv\Lib\site-packages\websockets\client.py', 'venv\Lib\site-packages\fastapi\middleware\cors.py', 'venv\Lib\site-packages\anyio\abc\__init__.py', 'venv\Lib\site-packages\fastapi\__init__.py', 'venv\Lib\site-packages\fastapi\datastructures.py', 'venv\Lib\site-packages\psycopg2\_range.py', 'venv\Lib\site-packages\greenlet\tests\fail_clearing_run_switches.py', 'venv\Lib\site-packages\uvicorn\middleware\proxy_headers.py', 'venv\Lib\site-packages\fastapi\routing.py', 'venv\Lib\site-packages\pydantic\functional_serializers.py', 'venv\Lib\site-packages\uvicorn\supervisors\statreload.py', 'venv\Lib\site-packages\pydantic\v1\json.py', 'venv\Lib\site-packages\sqlalchemy\types.py', 'venv\Lib\site-packages\fastapi\param_functions.py', 'venv\Lib\site-packages\pydantic_core\__init__.py', 'venv\Lib\site-packages\websockets\asyncio\__init__.py', 'venv\Lib\site-packages\uvicorn\protocols\http\flow_control.py', 'venv\Lib\site-packages\starlette\concurrency.py', 'venv\Lib\site-packages\pydantic\deprecated\config.py', 'venv\Lib\site-packages\websockets\extensions\base.py', 'venv\Lib\site-packages\uvicorn\middleware\wsgi.py', 'venv\Lib\site-packages\yaml\loader.py', 'venv\Lib\site-packages\websockets\legacy\framing.py', 'venv\Lib\site-packages\anyio\_core\_tasks.py', 'venv\Lib\site-packages\uvicorn\middleware\message_logger.py', 'venv\Lib\site-packages\colorama\tests\ansitowin32_test.py', 'venv\Lib\site-packages\anyio\streams\__init__.py', 'venv\Lib\site-packages\fastapi\types.py', 'venv\Lib\site-packages\psycopg2\tz.py', 'venv\Lib\site-packages\pydantic\v1\color.py', 'venv\Lib\site-packages\pydantic\_migration.py', 'venv\Lib\site-packages\anyio\_core\_resources.py', 'venv\Lib\site-packages\uvicorn\supervisors\__init__.py', 'venv\Lib\site-packages\websockets\asyncio\router.py', 'venv\Lib\site-packages\fastapi\openapi\docs.py', 'venv\Lib\site-packages\yaml\composer.py', 'venv\Lib\site-packages\pydantic\version.py', 'venv\Lib\site-packages\websockets\legacy\__init__.py', 'venv\Lib\site-packages\fastapi\security\__init__.py', 'venv\Lib\site-packages\anyio\_core\_streams.py', 'venv\Lib\site-packages\pydantic\v1\datetime_parse.py', 'venv\Lib\site-packages\pydantic\error_wrappers.py', 'venv\Lib\site-packages\greenlet\tests\fail_initialstub_already_started.py', 'venv\Lib\site-packages\pydantic\_internal\_forward_ref.py', 'venv\Lib\site-packages\colorama\tests\ansi_test.py', 'venv\Lib\site-packages\starlette\_exception_handler.py', 'venv\Lib\site-packages\pydantic\root_model.py', 'venv\Lib\site-packages\fastapi\security\open_id_connect_url.py', 'venv\Lib\site-packages\fastapi\middleware\gzip.py', 'venv\Lib\site-packages\pydantic\v1\typing.py', 'venv\Lib\site-packages\pydantic\v1\annotated_types.py', 'venv\Lib\site-packages\fastapi\applications.py', 'venv\Lib\site-packages\yaml\cyaml.py', 'venv\Lib\site-packages\anyio\_core\__init__.py', 'venv\Lib\site-packages\websockets\datastructures.py', 'venv\Lib\site-packages\sqlalchemy\exc.py', 'venv\Lib\site-packages\websockets\http.py', 'venv\Lib\site-packages\uvicorn\protocols\__init__.py', 'venv\Lib\site-packages\fastapi\openapi\constants.py', 'venv\Lib\site-packages\websockets\sync\__init__.py', 'venv\Lib\site-packages\starlette\routing.py', 'venv\Lib\site-packages\pydantic\_internal\_dataclasses.py', 'venv\Lib\site-packages\websockets\auth.py', 'venv\Lib\site-packages\fastapi\websockets.py', 'venv\Lib\site-packages\pydantic\_internal\_repr.py', 'venv\Lib\site-packages\sqlalchemy\__init__.py', 'venv\Lib\site-packages\fastapi\testclient.py', 'venv\Lib\site-packages\typing_inspection\__init__.py', 'venv\Lib\site-packages\greenlet\tests\test_greenlet_trash.py', 'venv\Lib\site-packages\colorama\tests\__init__.py', 'venv\Lib\site-packages\pydantic\_internal\_signature.py', 'venv\Lib\site-packages\pydantic\color.py', 'venv\Lib\site-packages\anyio\streams\text.py', 'venv\Lib\site-packages\pydantic\v1\tools.py', 'venv\Lib\site-packages\greenlet\tests\fail_switch_two_greenlets.py', 'venv\Lib\site-packages\websockets\http11.py', 'venv\Lib\site-packages\psycopg2\__init__.py', 'venv\Lib\site-packages\fastapi\params.py', 'venv\Lib\site-packages\pydantic\v1\mypy.py', 'venv\Lib\site-packages\greenlet\tests\test_leaks.py', 'venv\Lib\site-packages\starlette\requests.py', 'venv\Lib\site-packages\websockets\asyncio\client.py', 'venv\Lib\site-packages\pydantic\v1\version.py', 'venv\Lib\site-packages\pydantic\warnings.py', 'venv\Lib\site-packages\pydantic\v1\generics.py', 'venv\Lib\site-packages\pydantic\plugin\_loader.py', 'venv\Lib\site-packages\fastapi\openapi\models.py', 'venv\Lib\site-packages\watchfiles\__init__.py', 'venv\Lib\site-packages\uvicorn\protocols\websockets\auto.py', 'venv\Lib\site-packages\greenlet\tests\test_weakref.py', 'venv\Lib\site-packages\fastapi\middleware\trustedhost.py', 'venv\Lib\site-packages\greenlet\tests\test_version.py', 'venv\Lib\site-packages\psycopg2\sql.py', 'venv\Lib\site-packages\greenlet\tests\test_tracing.py', 'venv\Lib\site-packages\fastapi\openapi\utils.py', 'venv\Lib\site-packages\pydantic\_internal\_known_annotated_metadata.py', 'venv\Lib\site-packages\websockets\asyncio\async_timeout.py', 'venv\Lib\site-packages\pydantic\deprecated\__init__.py', 'venv\Lib\site-packages\anyio\abc\_resources.py', 'venv\Lib\site-packages\greenlet\platform\__init__.py', 'venv\Lib\site-packages\starlette\templating.py', 'venv\Lib\site-packages\uvicorn\loops\asyncio.py', 'venv\Lib\site-packages\pydantic\parse.py', 'venv\Lib\site-packages\websockets\uri.py', 'venv\Lib\site-packages\anyio\_backends\_trio.py', 'venv\Lib\site-packages\fastapi\dependencies\models.py', 'venv\Lib\site-packages\pydantic\deprecated\json.py', 'venv\Lib\site-packages\yaml\serializer.py', 'venv\Lib\site-packages\pydantic\_internal\_decorators.py', 'venv\Lib\site-packages\yaml\events.py', 'venv\Lib\site-packages\starlette\convertors.py', 'venv\Lib\site-packages\colorama\tests\isatty_test.py', 'venv\Lib\site-packages\typing_inspection\typing_objects.py', 'venv\Lib\site-packages\websockets\__init__.py', 'venv\Lib\site-packages\uvicorn\supervisors\basereload.py', 'venv\Lib\site-packages\pydantic\v1\fields.py', 'venv\Lib\site-packages\psycopg2\errorcodes.py', 'venv\Lib\site-packages\starlette\formparsers.py', 'venv\Lib\site-packages\uvicorn\loops\__init__.py', 'venv\Lib\site-packages\pydantic\experimental\__init__.py', 'venv\Lib\site-packages\greenlet\tests\__init__.py', 'venv\Lib\site-packages\uvicorn\supervisors\multiprocess.py', 'venv\Lib\site-packages\pydantic\_internal\_core_utils.py', 'venv\Lib\site-packages\starlette\status.py', 'venv\Lib\site-packages\websockets\asyncio\compatibility.py', 'venv\Lib\site-packages\starlette\schemas.py', 'venv\Lib\site-packages\pydantic\plugin\__init__.py', 'venv\Lib\site-packages\pydantic\env_settings.py', 'venv\Lib\site-packages\websockets\legacy\auth.py', 'venv\Lib\site-packages\anyio\streams\file.py', 'venv\Lib\site-packages\pydantic\mypy.py', 'venv\Lib\site-packages\pydantic\_internal\_internal_dataclass.py', 'venv\Lib\site-packages\pydantic\_internal\_fields.py', 'venv\Lib\site-packages\uvicorn\logging.py', 'venv\Lib\site-packages\fastapi\openapi\__init__.py', 'venv\Lib\site-packages\pydantic\v1\env_settings.py', 'venv\Lib\site-packages\starlette\exceptions.py', 'venv\Lib\site-packages\pydantic\_internal\_discriminated_union.py', 'venv\Lib\site-packages\pydantic\v1\__init__.py', 'venv\Lib\site-packages\pydantic\v1\utils.py', 'venv\Lib\site-packages\sniffio\_tests\test_sniffio.py', 'venv\Lib\site-packages\websockets\headers.py', 'venv\Lib\site-packages\pydantic\v1\decorator.py', 'venv\Lib\site-packages\pydantic\v1\errors.py', 'venv\Lib\site-packages\fastapi\encoders.py', 'venv\Lib\site-packages\yaml\parser.py', 'venv\Lib\site-packages\anyio\_core\_typedattr.py', 'venv\Lib\site-packages\psycopg2\extensions.py', 'venv\Lib\site-packages\pydantic\_internal\_generate_schema.py', 'venv\Lib\site-packages\pydantic\main.py', 'venv\Lib\site-packages\fastapi\middleware\httpsredirect.py', 'venv\Lib\site-packages\websockets\extensions\__init__.py', 'venv\Lib\site-packages\fastapi\security\oauth2.py', 'venv\Lib\site-packages\uvicorn\protocols\http\h11_impl.py', 'venv\Lib\site-packages\websockets\typing.py', 'venv\Lib\site-packages\uvicorn\protocols\websockets\__init__.py', 'venv\Lib\site-packages\uvicorn\workers.py', 'venv\Lib\site-packages\fastapi\middleware\__init__.py', 'venv\Lib\site-packages\websockets\__main__.py', 'venv\Lib\site-packages\websockets\connection.py', 'venv\Lib\site-packages\anyio\_backends\__init__.py', 'venv\Lib\site-packages\watchfiles\main.py', 'venv\Lib\site-packages\anyio\abc\_subprocesses.py', 'venv\Lib\site-packages\fastapi\background.py', 'venv\Lib\site-packages\uvicorn\__init__.py', 'venv\Lib\site-packages\pydantic\fields.py', 'venv\Lib\site-packages\pydantic\experimental\pipeline.py', 'venv\Lib\site-packages\uvicorn\lifespan\on.py', 'venv\Lib\site-packages\uvicorn\_types.py', 'venv\Lib\site-packages\anyio\abc\_eventloop.py', 'venv\Lib\site-packages\greenlet\tests\leakcheck.py', 'venv\Lib\site-packages\starlette\background.py', 'venv\Lib\site-packages\watchfiles\run.py', 'venv\Lib\site-packages\websockets\streams.py', 'venv\Lib\site-packages\anyio\_core\_synchronization.py', 'venv\Lib\site-packages\websockets\legacy\exceptions.py', 'venv\Lib\site-packages\pydantic\v1\validators.py', 'venv\Lib\site-packages\uvicorn\loops\uvloop.py', 'venv\Lib\site-packages\uvicorn\main.py', 'venv\Lib\site-packages\fastapi\exceptions.py', 'venv\Lib\site-packages\websockets\version.py', 'venv\Lib\site-packages\pydantic\networks.py', 'venv\Lib\site-packages\colorama\tests\initialise_test.py', 'venv\Lib\site-packages\greenlet\tests\test_generator.py', 'venv\Lib\site-packages\starlette\authentication.py', 'venv\Lib\site-packages\pydantic\_internal\_mock_val_ser.py', 'venv\Lib\site-packages\anyio\streams\stapled.py', 'venv\Lib\site-packages\greenlet\tests\test_extension_interface.py', 'venv\Lib\site-packages\pydantic\generics.py', 'venv\Lib\site-packages\pydantic\tools.py', 'venv\Lib\site-packages\fastapi\cli.py', 'venv\Lib\site-packages\greenlet\tests\test_gc.py', 'venv\Lib\site-packages\pydantic\decorator.py', 'venv\Lib\site-packages\greenlet\tests\fail_cpp_exception.py', 'venv\Lib\site-packages\sniffio\_tests\__init__.py', 'venv\Lib\site-packages\fastapi\staticfiles.py', 'venv\Lib\site-packages\websockets\protocol.py', 'venv\Lib\site-packages\pydantic\aliases.py', 'venv\Lib\site-packages\anyio\_backends\_asyncio.py', 'venv\Lib\site-packages\pydantic\v1\types.py', 'venv\Lib\site-packages\anyio\_core\_exceptions.py', 'venv\Lib\site-packages\greenlet\tests\test_throw.py', 'venv\Lib\site-packages\fastapi\concurrency.py', 'venv\Lib\site-packages\annotated_types\__init__.py', 'venv\Lib\site-packages\sqlalchemy\events.py', 'venv\Lib\site-packages\pydantic\v1\parse.py', 'venv\Lib\site-packages\sqlalchemy\inspection.py', 'venv\Lib\site-packages\pydantic\_internal\_validators.py', 'venv\Lib\site-packages\pydantic\v1\dataclasses.py', 'venv\Lib\site-packages\pydantic\v1\config.py', 'venv\Lib\site-packages\pydantic\v1\class_validators.py', 'venv\Lib\site-packages\pydantic\validators.py', 'venv\Lib\site-packages\pydantic\types.py', 'venv\Lib\site-packages\uvicorn\middleware\__init__.py', 'venv\Lib\site-packages\uvicorn\middleware\asgi2.py', 'venv\Lib\site-packages\uvicorn\protocols\websockets\websockets_impl.py', 'venv\Lib\site-packages\uvicorn\protocols\utils.py', 'venv\Lib\site-packages\watchfiles\cli.py', 'venv\Lib\site-packages\pydantic\_internal\_model_construction.py', 'venv\Lib\site-packages\pydantic\_internal\_core_metadata.py', 'venv\Lib\site-packages\pydantic\annotated_handlers.py', 'venv\Lib\site-packages\yaml\resolver.py', 'venv\Lib\site-packages\greenlet\tests\test_greenlet.py', 'venv\Lib\site-packages\uvicorn\protocols\websockets\wsproto_impl.py', 'venv\Lib\site-packages\yaml\error.py', 'venv\Lib\site-packages\fastapi\security\http.py', 'venv\Lib\site-packages\pydantic\_internal\_schema_generation_shared.py', 'venv\Lib\site-packages\pydantic\v1\error_wrappers.py', 'venv\Lib\site-packages\starlette\websockets.py', 'venv\Lib\site-packages\fastapi\dependencies\utils.py', 'venv\Lib\site-packages\anyio\_core\_tempfile.py'. Reloading...
 INFO:     Started server process [17376]
INFO:     Waiting for application startup.
INFO:     Application startup complete.
ERROR:    Traceback (most recent call last):
  File "C:\Program Files\Python313\Lib\asyncio\runners.py", line 118, in run
    return self._loop.run_until_complete(task)
           ~~~~~~~~~~~~~~~~~~~~~~~~~~~~~^^^^^^
  File "C:\Program Files\Python313\Lib\asyncio\base_events.py", line 725, in run_until_complete
    return future.result()
           ~~~~~~~~~~~~~^^
asyncio.exceptions.CancelledError

During handling of the above exception, another exception occurred:

Traceback (most recent call last):
  File "C:\Program Files\Python313\Lib\asyncio\runners.py", line 195, in run
    return runner.run(main)
           ~~~~~~~~~~^^^^^^
  File "C:\Program Files\Python313\Lib\asyncio\runners.py", line 123, in run
    raise KeyboardInterrupt()
KeyboardInterrupt

During handling of the above exception, another exception occurred:

Traceback (most recent call last):
  File "C:\Users\sgclu\OneDrive\Escritorio\Proyecto WebApp Glass\backend\venv\Lib\site-packages\starlette\routing.py", line 699, in lifespan
    await receive()
  File "C:\Users\sgclu\OneDrive\Escritorio\Proyecto WebApp Glass\backend\venv\Lib\site-packages\uvicorn\lifespan\on.py", line 137, in receive
    return await self.receive_queue.get()
           ^^^^^^^^^^^^^^^^^^^^^^^^^^^^^^
  File "C:\Program Files\Python313\Lib\asyncio\queues.py", line 186, in get
    await getter
asyncio.exceptions.CancelledError

INFO:     Started server process [20080]
INFO:     Waiting for application startup.
INFO:     Application startup complete.
WARNING:  WatchFiles detected changes in 'venv\Lib\site-packages\sqlalchemy\connectors\__init__.py'. Reloading...
 INFO:     Shutting down
INFO:     Waiting for application shutdown.
INFO:     Application shutdown complete.
INFO:     Finished server process [20080]
WARNING:  WatchFiles detected changes in 'venv\Lib\site-packages\sqlalchemy\ext\asyncio\exc.py', 'venv\Lib\site-packages\sqlalchemy\sql\crud.py', 'venv\Lib\site-packages\sqlalchemy\util\tool_support.py', 'venv\Lib\site-packages\sqlalchemy\dialects\postgresql\json.py', 'venv\Lib\site-packages\sqlalchemy\dialects\oracle\types.py', 'venv\Lib\site-packages\sqlalchemy\dialects\sqlite\provision.py', 'venv\Lib\site-packages\sqlalchemy\orm\sync.py', 'venv\Lib\site-packages\sqlalchemy\dialects\mysql\reserved_words.py', 'venv\Lib\site-packages\sqlalchemy\sql\operators.py', 'venv\Lib\site-packages\sqlalchemy\testing\fixtures\sql.py', 'venv\Lib\site-packages\sqlalchemy\ext\instrumentation.py', 'venv\Lib\site-packages\sqlalchemy\engine\base.py', 'venv\Lib\site-packages\sqlalchemy\event\attr.py', 'venv\Lib\site-packages\sqlalchemy\dialects\mysql\enumerated.py', 'venv\Lib\site-packages\sqlalchemy\testing\suite\test_reflection.py', 'venv\Lib\site-packages\sqlalchemy\engine\url.py', 'venv\Lib\site-packages\sqlalchemy\future\engine.py', 'venv\Lib\site-packages\sqlalchemy\sql\__init__.py', 'venv\Lib\site-packages\sqlalchemy\event\__init__.py', 'venv\Lib\site-packages\starlette\middleware\wsgi.py', 'venv\Lib\site-packages\sqlalchemy\dialects\mysql\pyodbc.py', 'venv\Lib\site-packages\sqlalchemy\event\legacy.py', 'venv\Lib\site-packages\starlette\middleware\sessions.py', 'venv\Lib\site-packages\sqlalchemy\ext\asyncio\result.py', 'venv\Lib\site-packages\sqlalchemy\dialects\postgresql\hstore.py', 'venv\Lib\site-packages\sqlalchemy\orm\persistence.py', 'venv\Lib\site-packages\sqlalchemy\orm\bulk_persistence.py', 'venv\Lib\site-packages\sqlalchemy\dialects\mssql\pyodbc.py', 'venv\Lib\site-packages\sqlalchemy\orm\loading.py', 'venv\Lib\site-packages\sqlalchemy\orm\query.py', 'venv\Lib\site-packages\sqlalchemy\sql\_typing.py', 'venv\Lib\site-packages\starlette\middleware\trustedhost.py', 'venv\Lib\site-packages\sqlalchemy\orm\util.py', 'venv\Lib\site-packages\sqlalchemy\testing\suite\test_ddl.py', 'venv\Lib\site-packages\sqlalchemy\dialects\postgresql\ext.py', 'venv\Lib\site-packages\sqlalchemy\engine\characteristics.py', 'venv\Lib\site-packages\sqlalchemy\testing\requirements.py', 'venv\Lib\site-packages\sqlalchemy\dialects\oracle\vector.py', 'venv\Lib\site-packages\sqlalchemy\dialects\mysql\pymysql.py', 'venv\Lib\site-packages\sqlalchemy\future\__init__.py', 'venv\Lib\site-packages\sqlalchemy\engine\strategies.py', 'venv\Lib\site-packages\sqlalchemy\event\api.py', 'venv\Lib\site-packages\sqlalchemy\sql\dml.py', 'venv\Lib\site-packages\sqlalchemy\orm\state_changes.py', 'venv\Lib\site-packages\sqlalchemy\sql\functions.py', 'venv\Lib\site-packages\sqlalchemy\dialects\mysql\__init__.py', 'venv\Lib\site-packages\sqlalchemy\engine\__init__.py', 'venv\Lib\site-packages\sqlalchemy\testing\__init__.py', 'venv\Lib\site-packages\sqlalchemy\dialects\mysql\expression.py', 'venv\Lib\site-packages\sqlalchemy\testing\suite\test_select.py', 'venv\Lib\site-packages\starlette\middleware\base.py', 'venv\Lib\site-packages\sqlalchemy\sql\visitors.py', 'venv\Lib\site-packages\sqlalchemy\sql\expression.py', 'venv\Lib\site-packages\starlette\middleware\authentication.py', 'venv\Lib\site-packages\sqlalchemy\dialects\sqlite\pysqlcipher.py', 'venv\Lib\site-packages\sqlalchemy\dialects\postgresql\pg_catalog.py', 'venv\Lib\site-packages\sqlalchemy\sql\_selectable_constructors.py', 'venv\Lib\site-packages\sqlalchemy\dialects\postgresql\provision.py', 'venv\Lib\site-packages\sqlalchemy\sql\lambdas.py', 'venv\Lib\site-packages\sqlalchemy\orm\__init__.py', 'venv\Lib\site-packages\sqlalchemy\orm\exc.py', 'venv\Lib\site-packages\sqlalchemy\orm\path_registry.py', 'venv\Lib\site-packages\sqlalchemy\testing\assertions.py', 'venv\Lib\site-packages\sqlalchemy\orm\decl_base.py', 'venv\Lib\site-packages\sqlalchemy\dialects\_typing.py', 'venv\Lib\site-packages\sqlalchemy\testing\plugin\bootstrap.py', 'venv\Lib\site-packages\sqlalchemy\testing\provision.py', 'venv\Lib\site-packages\sqlalchemy\ext\asyncio\base.py', 'venv\Lib\site-packages\sqlalchemy\dialects\oracle\dictionary.py', 'venv\Lib\site-packages\sqlalchemy\event\registry.py', 'venv\Lib\site-packages\sqlalchemy\ext\automap.py', 'venv\Lib\site-packages\sqlalchemy\dialects\postgresql\array.py', 'venv\Lib\site-packages\sqlalchemy\dialects\mysql\types.py', 'venv\Lib\site-packages\sqlalchemy\dialects\oracle\cx_oracle.py', 'venv\Lib\site-packages\sqlalchemy\dialects\postgresql\psycopg2cffi.py', 'venv\Lib\site-packages\sqlalchemy\testing\util.py', 'venv\Lib\site-packages\sqlalchemy\dialects\mssql\__init__.py', 'venv\Lib\site-packages\sqlalchemy\dialects\mysql\asyncmy.py', 'venv\Lib\site-packages\sqlalchemy\sql\naming.py', 'venv\Lib\site-packages\sqlalchemy\dialects\postgresql\_psycopg_common.py', 'venv\Lib\site-packages\sqlalchemy\dialects\sqlite\dml.py', 'venv\Lib\site-packages\sqlalchemy\orm\descriptor_props.py', 'venv\Lib\site-packages\sqlalchemy\util\langhelpers.py', 'venv\Lib\site-packages\sqlalchemy\dialects\__init__.py', 'venv\Lib\site-packages\sqlalchemy\util\preloaded.py', 'venv\Lib\site-packages\sqlalchemy\testing\assertsql.py', 'venv\Lib\site-packages\sqlalchemy\ext\declarative\extensions.py', 'venv\Lib\site-packages\sqlalchemy\dialects\mysql\mariadbconnector.py', 'venv\Lib\site-packages\sqlalchemy\dialects\oracle\base.py', 'venv\Lib\site-packages\sqlalchemy\testing\engines.py', 'venv\Lib\site-packages\sqlalchemy\dialects\mssql\json.py', 'venv\Lib\site-packages\sqlalchemy\sql\type_api.py', 'venv\Lib\site-packages\sqlalchemy\sql\compiler.py', 'venv\Lib\site-packages\sqlalchemy\util\typing.py', 'venv\Lib\site-packages\sqlalchemy\engine\result.py', 'venv\Lib\site-packages\sqlalchemy\testing\suite\test_results.py', 'venv\Lib\site-packages\sqlalchemy\ext\mypy\infer.py', 'venv\Lib\site-packages\sqlalchemy\dialects\sqlite\base.py', 'venv\Lib\site-packages\sqlalchemy\util\__init__.py', 'venv\Lib\site-packages\sqlalchemy\sql\default_comparator.py', 'venv\Lib\site-packages\sqlalchemy\dialects\mysql\aiomysql.py', 'venv\Lib\site-packages\sqlalchemy\dialects\postgresql\asyncpg.py', 'venv\Lib\site-packages\sqlalchemy\dialects\mysql\reflection.py', 'venv\Lib\site-packages\sqlalchemy\dialects\postgresql\base.py', 'venv\Lib\site-packages\sqlalchemy\sql\util.py', 'venv\Lib\site-packages\starlette\middleware\gzip.py', 'venv\Lib\site-packages\sqlalchemy\testing\suite\test_unicode_ddl.py', 'venv\Lib\site-packages\sqlalchemy\orm\state.py', 'venv\Lib\site-packages\sqlalchemy\testing\exclusions.py', 'venv\Lib\site-packages\sqlalchemy\dialects\sqlite\__init__.py', 'venv\Lib\site-packages\sqlalchemy\connectors\pyodbc.py', 'venv\Lib\site-packages\sqlalchemy\cyextension\__init__.py', 'venv\Lib\site-packages\sqlalchemy\dialects\mysql\json.py', 'venv\Lib\site-packages\sqlalchemy\ext\mypy\util.py', 'venv\Lib\site-packages\sqlalchemy\testing\config.py', 'venv\Lib\site-packages\sqlalchemy\orm\writeonly.py', 'venv\Lib\site-packages\sqlalchemy\util\deprecations.py', 'venv\Lib\site-packages\sqlalchemy\sql\schema.py', 'venv\Lib\site-packages\sqlalchemy\dialects\postgresql\ranges.py', 'venv\Lib\site-packages\sqlalchemy\testing\suite\test_sequence.py', 'venv\Lib\site-packages\sqlalchemy\sql\roles.py', 'venv\Lib\site-packages\sqlalchemy\ext\compiler.py', 'venv\Lib\site-packages\sqlalchemy\dialects\mssql\information_schema.py', 'venv\Lib\site-packages\sqlalchemy\orm\events.py', 'venv\Lib\site-packages\sqlalchemy\orm\session.py', 'venv\Lib\site-packages\sqlalchemy\testing\suite\test_deprecations.py', 'venv\Lib\site-packages\sqlalchemy\testing\suite\test_types.py', 'venv\Lib\site-packages\sqlalchemy\orm\decl_api.py', 'venv\Lib\site-packages\sqlalchemy\dialects\mysql\base.py', 'venv\Lib\site-packages\sqlalchemy\engine\row.py', 'venv\Lib\site-packages\sqlalchemy\ext\__init__.py', 'venv\Lib\site-packages\sqlalchemy\ext\asyncio\scoping.py', 'venv\Lib\site-packages\sqlalchemy\testing\suite\test_insert.py', 'venv\Lib\site-packages\sqlalchemy\sql\ddl.py', 'venv\Lib\site-packages\sqlalchemy\connectors\asyncio.py', 'venv\Lib\site-packages\sqlalchemy\engine\reflection.py', 'venv\Lib\site-packages\sqlalchemy\testing\suite\test_update_delete.py', 'venv\Lib\site-packages\sqlalchemy\testing\suite\test_rowcount.py', 'venv\Lib\site-packages\sqlalchemy\util\compat.py', 'venv\Lib\site-packages\sqlalchemy\event\base.py', 'venv\Lib\site-packages\sqlalchemy\testing\asyncio.py', 'venv\Lib\site-packages\sqlalchemy\dialects\oracle\provision.py', 'venv\Lib\site-packages\sqlalchemy\ext\mypy\__init__.py', 'venv\Lib\site-packages\sqlalchemy\orm\dynamic.py', 'venv\Lib\site-packages\sqlalchemy\testing\suite\__init__.py', 'venv\Lib\site-packages\sqlalchemy\orm\relationships.py', 'venv\Lib\site-packages\sqlalchemy\ext\orderinglist.py', 'venv\Lib\site-packages\sqlalchemy\testing\entities.py', 'venv\Lib\site-packages\sqlalchemy\orm\unitofwork.py', 'venv\Lib\site-packages\sqlalchemy\testing\fixtures\mypy.py', 'venv\Lib\site-packages\sqlalchemy\util\_py_collections.py', 'venv\Lib\site-packages\sqlalchemy\dialects\postgresql\psycopg.py', 'venv\Lib\site-packages\sqlalchemy\orm\strategy_options.py', 'venv\Lib\site-packages\sqlalchemy\util\_has_cy.py', 'venv\Lib\site-packages\sqlalchemy\sql\_orm_types.py', 'venv\Lib\site-packages\sqlalchemy\dialects\postgresql\types.py', 'venv\Lib\site-packages\sqlalchemy\util\concurrency.py', 'venv\Lib\site-packages\sqlalchemy\ext\indexable.py', 'venv\Lib\site-packages\sqlalchemy\dialects\mssql\aioodbc.py', 'venv\Lib\site-packages\sqlalchemy\testing\fixtures\base.py', 'venv\Lib\site-packages\sqlalchemy\pool\events.py', 'venv\Lib\site-packages\sqlalchemy\engine\interfaces.py', 'venv\Lib\site-packages\sqlalchemy\orm\_orm_constructors.py', 'venv\Lib\site-packages\sqlalchemy\sql\_py_util.py', 'venv\Lib\site-packages\sqlalchemy\testing\plugin\pytestplugin.py', 'venv\Lib\site-packages\sqlalchemy\dialects\mysql\dml.py', 'venv\Lib\site-packages\sqlalchemy\orm\mapper.py', 'venv\Lib\site-packages\sqlalchemy\engine\create.py', 'venv\Lib\site-packages\sqlalchemy\ext\asyncio\__init__.py', 'venv\Lib\site-packages\sqlalchemy\orm\context.py', 'venv\Lib\site-packages\sqlalchemy\testing\profiling.py', 'venv\Lib\site-packages\sqlalchemy\testing\suite\test_cte.py', 'venv\Lib\site-packages\starlette\middleware\httpsredirect.py', 'venv\Lib\site-packages\sqlalchemy\dialects\sqlite\json.py', 'venv\Lib\site-packages\sqlalchemy\engine\events.py', 'venv\Lib\site-packages\starlette\middleware\errors.py', 'venv\Lib\site-packages\sqlalchemy\dialects\mysql\mariadb.py', 'venv\Lib\site-packages\sqlalchemy\orm\identity.py', 'venv\Lib\site-packages\sqlalchemy\util\queue.py', 'venv\Lib\site-packages\sqlalchemy\sql\_dml_constructors.py', 'venv\Lib\site-packages\sqlalchemy\orm\clsregistry.py', 'venv\Lib\site-packages\sqlalchemy\dialects\mysql\provision.py', 'venv\Lib\site-packages\sqlalchemy\pool\__init__.py', 'venv\Lib\site-packages\starlette\middleware\cors.py', 'venv\Lib\site-packages\sqlalchemy\dialects\mssql\provision.py', 'venv\Lib\site-packages\sqlalchemy\dialects\mysql\mysqlconnector.py', 'venv\Lib\site-packages\sqlalchemy\testing\fixtures\__init__.py', 'venv\Lib\site-packages\sqlalchemy\dialects\mssql\base.py', 'venv\Lib\site-packages\sqlalchemy\ext\mypy\plugin.py', 'venv\Lib\site-packages\sqlalchemy\util\topological.py', 'venv\Lib\site-packages\sqlalchemy\orm\instrumentation.py', 'venv\Lib\site-packages\sqlalchemy\sql\base.py', 'venv\Lib\site-packages\sqlalchemy\dialects\oracle\__init__.py', 'venv\Lib\site-packages\sqlalchemy\sql\selectable.py', 'venv\Lib\site-packages\sqlalchemy\sql\annotation.py', 'venv\Lib\site-packages\sqlalchemy\ext\serializer.py', 'venv\Lib\site-packages\starlette\middleware\exceptions.py', 'venv\Lib\site-packages\sqlalchemy\connectors\aioodbc.py', 'venv\Lib\site-packages\sqlalchemy\sql\sqltypes.py', 'venv\Lib\site-packages\sqlalchemy\orm\scoping.py', 'venv\Lib\site-packages\sqlalchemy\testing\plugin\__init__.py', 'venv\Lib\site-packages\sqlalchemy\dialects\postgresql\operators.py', 'venv\Lib\site-packages\sqlalchemy\orm\interfaces.py', 'venv\Lib\site-packages\sqlalchemy\engine\_py_processors.py', 'venv\Lib\site-packages\sqlalchemy\dialects\postgresql\__init__.py', 'venv\Lib\site-packages\sqlalchemy\pool\impl.py', 'venv\Lib\site-packages\sqlalchemy\pool\base.py', 'venv\Lib\site-packages\sqlalchemy\dialects\mssql\pymssql.py', 'venv\Lib\site-packages\sqlalchemy\sql\_elements_constructors.py', 'venv\Lib\site-packages\sqlalchemy\engine\cursor.py', 'venv\Lib\site-packages\sqlalchemy\ext\declarative\__init__.py', 'venv\Lib\site-packages\sqlalchemy\testing\warnings.py', 'venv\Lib\site-packages\sqlalchemy\dialects\mysql\mysqldb.py', 'venv\Lib\site-packages\sqlalchemy\dialects\sqlite\aiosqlite.py', 'venv\Lib\site-packages\sqlalchemy\dialects\postgresql\pg8000.py', 'venv\Lib\site-packages\starlette\middleware\__init__.py', 'venv\Lib\site-packages\sqlalchemy\sql\coercions.py', 'venv\Lib\site-packages\sqlalchemy\testing\plugin\plugin_base.py', 'venv\Lib\site-packages\sqlalchemy\ext\baked.py', 'venv\Lib\site-packages\sqlalchemy\ext\mutable.py', 'venv\Lib\site-packages\sqlalchemy\ext\hybrid.py', 'venv\Lib\site-packages\sqlalchemy\testing\suite\test_dialect.py', 'venv\Lib\site-packages\sqlalchemy\engine\processors.py', 'venv\Lib\site-packages\sqlalchemy\sql\events.py', 'venv\Lib\site-packages\sqlalchemy\orm\evaluator.py', 'venv\Lib\site-packages\sqlalchemy\ext\horizontal_shard.py', 'venv\Lib\site-packages\sqlalchemy\orm\attributes.py', 'venv\Lib\site-packages\sqlalchemy\orm\_typing.py', 'venv\Lib\site-packages\sqlalchemy\ext\mypy\names.py', 'venv\Lib\site-packages\sqlalchemy\util\_collections.py', 'venv\Lib\site-packages\sqlalchemy\dialects\postgresql\dml.py', 'venv\Lib\site-packages\sqlalchemy\testing\schema.py', 'venv\Lib\site-packages\sqlalchemy\ext\mypy\decl_class.py', 'venv\Lib\site-packages\sqlalchemy\dialects\postgresql\named_types.py', 'venv\Lib\site-packages\sqlalchemy\orm\base.py', 'venv\Lib\site-packages\sqlalchemy\dialects\sqlite\pysqlite.py', 'venv\Lib\site-packages\sqlalchemy\engine\default.py', 'venv\Lib\site-packages\sqlalchemy\ext\mypy\apply.py', 'venv\Lib\site-packages\sqlalchemy\engine\util.py', 'venv\Lib\site-packages\sqlalchemy\sql\traversals.py', 'venv\Lib\site-packages\sqlalchemy\engine\_py_row.py', 'venv\Lib\site-packages\sqlalchemy\testing\fixtures\orm.py', 'venv\Lib\site-packages\sqlalchemy\sql\elements.py', 'venv\Lib\site-packages\sqlalchemy\sql\cache_key.py', 'venv\Lib\site-packages\sqlalchemy\dialects\mysql\cymysql.py', 'venv\Lib\site-packages\sqlalchemy\util\_concurrency_py3k.py', 'venv\Lib\site-packages\sqlalchemy\ext\asyncio\session.py', 'venv\Lib\site-packages\sqlalchemy\orm\properties.py', 'venv\Lib\site-packages\sqlalchemy\orm\mapped_collection.py', 'venv\Lib\site-packages\sqlalchemy\orm\dependency.py', 'venv\Lib\site-packages\sqlalchemy\orm\collections.py', 'venv\Lib\site-packages\sqlalchemy\engine\mock.py', 'venv\Lib\site-packages\sqlalchemy\testing\pickleable.py', 'venv\Lib\site-packages\sqlalchemy\ext\associationproxy.py', 'venv\Lib\site-packages\sqlalchemy\ext\asyncio\engine.py', 'venv\Lib\site-packages\sqlalchemy\engine\_py_util.py', 'venv\Lib\site-packages\sqlalchemy\orm\strategies.py', 'venv\Lib\site-packages\sqlalchemy\dialects\postgresql\psycopg2.py', 'venv\Lib\site-packages\sqlalchemy\dialects\oracle\oracledb.py'. Reloading...
 INFO:     Started server process [23092]
INFO:     Waiting for application startup.
INFO:     Application startup complete.
ERROR:    Traceback (most recent call last):
  File "C:\Program Files\Python313\Lib\asyncio\runners.py", line 118, in run
    return self._loop.run_until_complete(task)
           ~~~~~~~~~~~~~~~~~~~~~~~~~~~~~^^^^^^
  File "C:\Program Files\Python313\Lib\asyncio\base_events.py", line 725, in run_until_complete
    return future.result()
           ~~~~~~~~~~~~~^^
asyncio.exceptions.CancelledError

During handling of the above exception, another exception occurred:

Traceback (most recent call last):
  File "C:\Program Files\Python313\Lib\asyncio\runners.py", line 195, in run
    return runner.run(main)
           ~~~~~~~~~~^^^^^^
  File "C:\Program Files\Python313\Lib\asyncio\runners.py", line 123, in run
    raise KeyboardInterrupt()
KeyboardInterrupt

During handling of the above exception, another exception occurred:

Traceback (most recent call last):
  File "C:\Users\sgclu\OneDrive\Escritorio\Proyecto WebApp Glass\backend\venv\Lib\site-packages\starlette\routing.py", line 699, in lifespan
    await receive()
  File "C:\Users\sgclu\OneDrive\Escritorio\Proyecto WebApp Glass\backend\venv\Lib\site-packages\uvicorn\lifespan\on.py", line 137, in receive
    return await self.receive_queue.get()
           ^^^^^^^^^^^^^^^^^^^^^^^^^^^^^^
  File "C:\Program Files\Python313\Lib\asyncio\queues.py", line 186, in get
    await getter
asyncio.exceptions.CancelledError

INFO:     Started server process [7260]
INFO:     Waiting for application startup.
INFO:     Application startup complete.
INFO:     192.168.0.130:57682 - "GET / HTTP/1.1" 200 OK
INFO:     192.168.0.130:57682 - "GET /favicon.ico HTTP/1.1" 404 Not Found
INFO:     192.168.0.130:57684 - "GET /docs HTTP/1.1" 200 OK
C:\Users\sgclu\OneDrive\Escritorio\Proyecto WebApp Glass\backend\venv\Lib\site-packages\fastapi\openapi\utils.py:246: UserWarning: Duplicate Operation ID crear_pedido_pedidos__post for function crear_pedido at C:\Users\sgclu\OneDrive\Escritorio\Proyecto WebApp Glass\backend\app\routers\pedidos.py
  warnings.warn(message, stacklevel=1)
C:\Users\sgclu\OneDrive\Escritorio\Proyecto WebApp Glass\backend\venv\Lib\site-packages\fastapi\openapi\utils.py:246: UserWarning: Duplicate Operation ID obtener_pedido_pedidos__pedido_id__get for function obtener_pedido at C:\Users\sgclu\OneDrive\Escritorio\Proyecto WebApp Glass\backend\app\routers\pedidos.py
  warnings.warn(message, stacklevel=1)
C:\Users\sgclu\OneDrive\Escritorio\Proyecto WebApp Glass\backend\venv\Lib\site-packages\fastapi\openapi\utils.py:246: UserWarning: Duplicate Operation ID listar_pedidos_pedidos__get for function listar_pedidos at C:\Users\sgclu\OneDrive\Escritorio\Proyecto WebApp Glass\backend\app\routers\pedidos.py
  warnings.warn(message, stacklevel=1)
INFO:     192.168.0.130:57684 - "GET /openapi.json HTTP/1.1" 200 OK
INFO:     Shutting down
INFO:     Waiting for application shutdown.
INFO:     Application shutdown complete.
INFO:     Finished server process [7260]
INFO:     Stopping reloader process [7220]
INFO:     Will watch for changes in these directories: ['C:\\Users\\sgclu\\OneDrive\\Escritorio\\Proyecto WebApp Glass\\backend']
INFO:     Uvicorn running on http://0.0.0.0:8000 (Press CTRL+C to quit)
INFO:     Started reloader process [22840] using WatchFiles
INFO:     Started server process [10936]
INFO:     Waiting for application startup.
INFO:     Application startup complete.
INFO:     192.168.0.130:57716 - "GET /clientes HTTP/1.1" 307 Temporary Redirect
INFO:     192.168.0.130:57716 - "GET /clientes HTTP/1.1" 307 Temporary Redirect
INFO:     192.168.0.130:57716 - "GET /clientes/ HTTP/1.1" 200 OK
INFO:     192.168.0.130:57718 - "GET /clientes/ HTTP/1.1" 200 OK
INFO:     192.168.0.130:57718 - "GET /clientes HTTP/1.1" 307 Temporary Redirect
INFO:     192.168.0.130:57718 - "GET /clientes HTTP/1.1" 307 Temporary Redirect
INFO:     192.168.0.130:57716 - "GET /clientes/ HTTP/1.1" 200 OK
INFO:     192.168.0.130:57718 - "GET /clientes/ HTTP/1.1" 200 OK
INFO:     192.168.0.130:57718 - "GET /clientes HTTP/1.1" 307 Temporary Redirect
INFO:     192.168.0.130:57718 - "GET /clientes HTTP/1.1" 307 Temporary Redirect
INFO:     192.168.0.130:57716 - "GET /clientes/ HTTP/1.1" 200 OK
INFO:     192.168.0.130:57718 - "GET /clientes/ HTTP/1.1" 200 OK
INFO:     Shutting down
INFO:     Waiting for application shutdown.
INFO:     Application shutdown complete.
INFO:     Finished server process [10936]
INFO:     Stopping reloader process [22840]
